d:\c++\qt\basecode\qt1\x64\debug\vc120.pdb
d:\c++\qt\basecode\qt1\x64\debug\quaternion.obj
d:\c++\qt\basecode\qt1\x64\debug\pointmodel.obj
d:\c++\qt\basecode\qt1\x64\debug\point3d.obj
d:\c++\qt\basecode\qt1\x64\debug\fitting.obj
d:\c++\qt\basecode\qt1\x64\debug\basemodel.obj
d:\c++\qt\basecode\qt1\x64\debug\moudelwidget.obj
d:\c++\qt\basecode\qt1\x64\debug\mainframe.obj
d:\c++\qt\basecode\qt1\x64\debug\obbmatrix.obj
d:\c++\qt\basecode\qt1\x64\debug\obb.obj
d:\c++\qt\basecode\qt1\x64\debug\main.obj
d:\c++\qt\basecode\qt1\x64\debug\matrix.obj
d:\c++\qt\basecode\qt1\x64\debug\kdtree.obj
d:\c++\qt\basecode\qt1\x64\debug\icppointtopoint.obj
d:\c++\qt\basecode\qt1\x64\debug\icppointtoplane.obj
d:\c++\qt\basecode\qt1\x64\debug\icp.obj
d:\c++\qt\basecode\qt1\x64\debug\moc_mainframe.obj
d:\c++\qt\basecode\qt1\x64\debug\datamodel.obj
d:\c++\qt\basecode\qt1\x64\debug\qrc_mainframe.obj
d:\c++\qt\basecode\qt1\generatedfiles\qrc_mainframe.cpp
d:\c++\qt\basecode\qt1\generatedfiles\debug\moc_mainframe.cpp
d:\c++\qt\basecode\qt1\generatedfiles\ui_qt1.h
d:\c++\qt\basecode\x64\debug\basecode.ilk
d:\c++\qt\basecode\x64\debug\basecode.exe
d:\c++\qt\basecode\x64\debug\basecode.pdb
c:\users\thc\desktop\basecode\qt1\x64\debug\qt1.vcxprojresolveassemblyreference.cache
c:\users\thc\desktop\basecode\qt1\x64\debug\basemodel.obj
c:\users\thc\desktop\basecode\qt1\x64\debug\datamodel.obj
c:\users\thc\desktop\basecode\qt1\x64\debug\fitting.obj
c:\users\thc\desktop\basecode\qt1\x64\debug\icp.obj
c:\users\thc\desktop\basecode\qt1\x64\debug\icppointtoplane.obj
c:\users\thc\desktop\basecode\qt1\x64\debug\icppointtopoint.obj
c:\users\thc\desktop\basecode\qt1\x64\debug\kdtree.obj
c:\users\thc\desktop\basecode\qt1\x64\debug\main.obj
c:\users\thc\desktop\basecode\qt1\x64\debug\mainframe.obj
c:\users\thc\desktop\basecode\qt1\x64\debug\matrix.obj
c:\users\thc\desktop\basecode\qt1\x64\debug\moc_mainframe.obj
c:\users\thc\desktop\basecode\qt1\x64\debug\moudelwidget.obj
c:\users\thc\desktop\basecode\qt1\x64\debug\obb.obj
c:\users\thc\desktop\basecode\qt1\x64\debug\obbmatrix.obj
c:\users\thc\desktop\basecode\qt1\x64\debug\point3d.obj
c:\users\thc\desktop\basecode\qt1\x64\debug\pointmodel.obj
c:\users\thc\desktop\basecode\qt1\x64\debug\qrc_mainframe.obj
c:\users\thc\desktop\basecode\qt1\x64\debug\quaternion.obj
c:\users\thc\desktop\basecode\qt1\x64\debug\vc120.pdb
c:\users\thc\desktop\basecode\x64\debug\basecode.pdb
c:\users\thc\desktop\basecode\x64\debug\basecode.exe
c:\users\thc\desktop\basecode\x64\debug\basecode.ilk
c:\users\thc\desktop\basecode\qt1\x64\debug\basecode.tlog\cl.command.1.tlog
c:\users\thc\desktop\basecode\qt1\x64\debug\basecode.tlog\cl.read.1.tlog
c:\users\thc\desktop\basecode\qt1\x64\debug\basecode.tlog\cl.write.1.tlog
c:\users\thc\desktop\basecode\qt1\x64\debug\basecode.tlog\custombuild.command.1.tlog
c:\users\thc\desktop\basecode\qt1\x64\debug\basecode.tlog\custombuild.read.1.tlog
c:\users\thc\desktop\basecode\qt1\x64\debug\basecode.tlog\custombuild.write.1.tlog
c:\users\thc\desktop\basecode\qt1\x64\debug\basecode.tlog\link.command.1.tlog
c:\users\thc\desktop\basecode\qt1\x64\debug\basecode.tlog\link.read.1.tlog
c:\users\thc\desktop\basecode\qt1\x64\debug\basecode.tlog\link.write.1.tlog
